[H[2J[3JUsing console UI mode
Console UI initialized
+----------------------------------------------------------+
|                         Welcome                          |
+----------------------------------------------------------+

  SOCKS5 server admin interface
  UI Mode: Console
  Connecting to: 127.0.0.1:8080
  Press OK to continue


Press any key to continue...[H[2J[3J+----------------------------------------------------------+
|                          Login                           |
+----------------------------------------------------------+

Enter username:
> [H[2J[3J+----------------------------------------------------------+
|                          Login                           |
+----------------------------------------------------------+

Enter password:
> *****[H[2J[3J
+----------------------------------------------------------+
|                         Success                          |
+----------------------------------------------------------+

  Authentication successful. Welcome to the admin panel.


Press any key to continue...[H[2J[3J+----------------------------------------------------------+
|                     Admin interface                      |
+----------------------------------------------------------+

Select an option:

  1. View metrics
  2. View logs
  3. Manage users
  4. Manage settings
  5. Exit

Enter your choice (1-5): [H[2J[3J[CLIENT DEBUG] request_send: cmd=0, arg1=10, arg2=0
[CLIENT DEBUG] Sending: [0x01, 0x00, 0x0a, 0x00]
[CLIENT DEBUG] send_all returned: 4 (expected: 4)
[CLIENT DEBUG] Parsed log: 2025-07-07T04:42:05 admin@::ffff:192.168.65.1:54088 -> 54.243.106.191:443 (status=0x00)
+----------------------------------------------------------+
|                       Server logs                        |
+----------------------------------------------------------+

  Server logs (Page 1):
  1. [2025-07-07T04:42:05] admin -> 54.243.106.191:443 (0x00)
  Showing 1 of 1 logs on this page
  Press OK to continue


Press any key to continue...[H[2J[3J+----------------------------------------------------------+
|                   Server logs - Page 1                   |
+----------------------------------------------------------+

Choose navigation option:

  1. Back to menu

Enter your choice (1-1): [H[2J[3J+----------------------------------------------------------+
|                     Admin interface                      |
+----------------------------------------------------------+

Select an option:

  1. View metrics
  2. View logs
  3. Manage users
  4. Manage settings
  5. Exit

Enter your choice (1-5): [H[2J[3J[CLIENT DEBUG] request_send: cmd=0, arg1=10, arg2=0
[CLIENT DEBUG] Sending: [0x01, 0x00, 0x0a, 0x00]
[CLIENT DEBUG] send_all returned: 4 (expected: 4)
+----------------------------------------------------------+
|                           Info                           |
+----------------------------------------------------------+

  No logs available


Press any key to continue...[H[2J[3J+----------------------------------------------------------+
|                     Admin interface                      |
+----------------------------------------------------------+

Select an option:

  1. View metrics
  2. View logs
  3. Manage users
  4. Manage settings
  5. Exit

Enter your choice (1-5): [H[2J[3J